Arguments: 
  /usr/local/Cellar/node/9.6.1/bin/node /usr/local/bin/yarn run dev

PATH: 
  /Library/Frameworks/Python.framework/Versions/3.6/bin:/Users/Lalo/google-cloud-sdk/bin:/usr/local/bin:/usr/bin:/bin:/usr/sbin:/sbin:/Applications/VMware Fusion.app/Contents/Public:/usr/local/MacGPG2/bin:/opt/X11/bin:/Applications/Wireshark.app/Contents/MacOS:/Users/Lalo/bin:/Users/Lalo/.composer/vendor/bin:/Applications/XAMPP/xamppfiles:/Users/Lalo/Downloads/google-cloud-sdk/path.bash.inc:/Applications/XAMPP/xamppfiles/bin:/Applications/Mongo/mongodb-osx-x86_64-3.4.2/bin:/Applications/Postgres.app/Contents/Versions/latest/bin

Yarn version: 
  1.5.1

Node version: 
  9.6.1

Platform: 
  darwin x64

npm manifest: 
  No manifest

yarn manifest: 
  No manifest

Lockfile: 
  No lockfile

Trace: 
  Error: Couldn't find a package.json file in "/Users/Lalo/Downloads/Progra/web/w6"
      at new MessageError (/usr/local/lib/node_modules/yarn/lib/cli.js:186:110)
      at /usr/local/lib/node_modules/yarn/lib/cli.js:40048:15
      at Generator.next (<anonymous>)
      at step (/usr/local/lib/node_modules/yarn/lib/cli.js:98:30)
      at /usr/local/lib/node_modules/yarn/lib/cli.js:109:13
      at <anonymous>
